app/build/intermediates/manifest_merge_blame_file/debug/manifest-merger-blame-debug-report.txt
1<?xml version="1.0" encoding="utf-8"?>
2<manifest xmlns:android="http://schemas.android.com/apk/res/android"
3    package="com.karimo.notey"
4    android:supportsRtl="true"
5    android:versionCode="6"
6    android:versionName="1.5" >
7
8    <uses-sdk
8-->src\main\AndroidManifest.xml:7:5-47
9        android:minSdkVersion="19"
9-->src\main\AndroidManifest.xml:7:5-47
10        android:targetSdkVersion="33" />
10-->src\main\AndroidManifest.xml:7:15-44
11
12    <uses-permission android:name="android.permission.WRITE_EXTERNAL_STORAGE" />
12-->src\main\AndroidManifest.xml:8:1-77
12-->src\main\AndroidManifest.xml:8:18-74
13
14    <application
14-->src\main\AndroidManifest.xml:9:5-40:19
15        android:allowBackup="true"
15-->src\main\AndroidManifest.xml:10:9-35
16        android:appComponentFactory="androidx.core.app.CoreComponentFactory"
16-->[androidx.core:core:1.0.0] AndroidManifest.xml:22:18-86
17        android:debuggable="true"
18        android:icon="@drawable/ic_launcher"
18-->src\main\AndroidManifest.xml:11:9-45
19        android:label="@string/app_name"
19-->src\main\AndroidManifest.xml:12:9-41
20        android:supportsRtl="true"
20-->src\main\AndroidManifest.xml:13:9-35
21        android:theme="@android:style/Theme.Holo" >
21-->src\main\AndroidManifest.xml:14:9-50
22        <activity
22-->src\main\AndroidManifest.xml:15:9-23:20
23            android:name="com.karimo.notey.MainPage"
23-->src\main\AndroidManifest.xml:16:17-41
24            android:exported="true"
24-->src\main\AndroidManifest.xml:17:66-89
25            android:label="@string/title_activity_main_page" >
25-->src\main\AndroidManifest.xml:17:17-65
26            <intent-filter>
26-->src\main\AndroidManifest.xml:18:13-22:29
27                <action android:name="android.intent.action.MAIN" />
27-->src\main\AndroidManifest.xml:19:17-69
27-->src\main\AndroidManifest.xml:19:25-66
28
29                <category android:name="android.intent.category.LAUNCHER" />
29-->src\main\AndroidManifest.xml:21:17-77
29-->src\main\AndroidManifest.xml:21:27-74
30            </intent-filter>
31        </activity>
32        <activity
32-->src\main\AndroidManifest.xml:24:9-27:20
33            android:name="com.karimo.notey.TextNoteActivity"
33-->src\main\AndroidManifest.xml:25:13-45
34            android:label="@string/title_activity_text_note" >
34-->src\main\AndroidManifest.xml:26:13-61
35        </activity>
36        <activity
36-->src\main\AndroidManifest.xml:28:9-31:20
37            android:name="com.karimo.notey.DrawingNoteActivity"
37-->src\main\AndroidManifest.xml:29:13-48
38            android:label="@string/title_activity_drawing_note" >
38-->src\main\AndroidManifest.xml:30:13-64
39        </activity>
40        <activity
40-->src\main\AndroidManifest.xml:32:9-35:20
41            android:name="com.karimo.notey.TodoListActivity"
41-->src\main\AndroidManifest.xml:33:13-45
42            android:label="@string/title_activity_todo_list" >
42-->src\main\AndroidManifest.xml:34:13-61
43        </activity>
44        <activity
44-->src\main\AndroidManifest.xml:36:9-39:20
45            android:name="com.karimo.notey.SettingsActivity"
45-->src\main\AndroidManifest.xml:37:13-45
46            android:label="@string/title_activity_settings" >
46-->src\main\AndroidManifest.xml:38:13-60
47        </activity>
48    </application>
49
50</manifest>